  ConsoleGameTemplate.cpp
  ConsoleRenderer.cpp
C:\Users\User\Desktop\김현영\김현영\ConsoleGameTemplate\ConsoleGameTemplate.cpp(21,3): error C2653: 'System': 클래스 또는 네임스페이스 이름이 아닙니다.
C:\Users\User\Desktop\김현영\김현영\ConsoleGameTemplate\ConsoleGameTemplate.cpp(21,11): error C3861: 'SceneInit': 식별자를 찾을 수 없습니다.
C:\Users\User\Desktop\김현영\김현영\ConsoleGameTemplate\ConsoleGameTemplate.cpp(30,4): error C2653: 'System': 클래스 또는 네임스페이스 이름이 아닙니다.
C:\Users\User\Desktop\김현영\김현영\ConsoleGameTemplate\ConsoleGameTemplate.cpp(30,12): error C3861: 'ProcessInput': 식별자를 찾을 수 없습니다.
C:\Users\User\Desktop\김현영\김현영\ConsoleGameTemplate\ConsoleGameTemplate.cpp(32,4): error C2653: 'System': 클래스 또는 네임스페이스 이름이 아닙니다.
C:\Users\User\Desktop\김현영\김현영\ConsoleGameTemplate\ConsoleGameTemplate.cpp(32,12): error C3861: 'SceneRender': 식별자를 찾을 수 없습니다.
C:\Users\User\Desktop\김현영\김현영\ConsoleGameTemplate\ConsoleGameTemplate.cpp(17,6): error C2084: 'int main(void)' 함수에 이미 본문이 있습니다.
      C:\Users\User\Desktop\김현영\김현영\ConsoleGameTemplate\ConsoleGameTemplate.cpp(17,6):
      'main'의 이전 정의를 참조하십시오.
  
  MENU.cpp
C:\Users\User\Desktop\김현영\김현영\ConsoleGameTemplate\ConsoleGameTemplate.cpp(21,3): error C2653: 'System': 클래스 또는 네임스페이스 이름이 아닙니다.
  (소스 파일 'MENU.cpp'을(를) 컴파일하는 중)
  
C:\Users\User\Desktop\김현영\김현영\ConsoleGameTemplate\ConsoleGameTemplate.cpp(21,11): error C3861: 'SceneInit': 식별자를 찾을 수 없습니다.
  (소스 파일 'MENU.cpp'을(를) 컴파일하는 중)
  
C:\Users\User\Desktop\김현영\김현영\ConsoleGameTemplate\ConsoleGameTemplate.cpp(30,4): error C2653: 'System': 클래스 또는 네임스페이스 이름이 아닙니다.
  (소스 파일 'MENU.cpp'을(를) 컴파일하는 중)
  
C:\Users\User\Desktop\김현영\김현영\ConsoleGameTemplate\ConsoleGameTemplate.cpp(30,12): error C3861: 'ProcessInput': 식별자를 찾을 수 없습니다.
  (소스 파일 'MENU.cpp'을(를) 컴파일하는 중)
  
C:\Users\User\Desktop\김현영\김현영\ConsoleGameTemplate\ConsoleGameTemplate.cpp(32,4): error C2653: 'System': 클래스 또는 네임스페이스 이름이 아닙니다.
  (소스 파일 'MENU.cpp'을(를) 컴파일하는 중)
  
C:\Users\User\Desktop\김현영\김현영\ConsoleGameTemplate\ConsoleGameTemplate.cpp(32,12): error C3861: 'SceneRender': 식별자를 찾을 수 없습니다.
  (소스 파일 'MENU.cpp'을(를) 컴파일하는 중)
  
  PLAY.cpp
C:\Users\User\Desktop\김현영\김현영\ConsoleGameTemplate\PLAY.cpp(14,13): warning C4244: '인수': 'time_t'에서 'unsigned int'(으)로 변환하면서 데이터가 손실될 수 있습니다.
  System.cpp
C:\Users\User\Desktop\김현영\김현영\ConsoleGameTemplate\ConsoleGameTemplate.cpp(21,3): error C2653: 'System': 클래스 또는 네임스페이스 이름이 아닙니다.
  (소스 파일 'System.cpp'을(를) 컴파일하는 중)
  
C:\Users\User\Desktop\김현영\김현영\ConsoleGameTemplate\ConsoleGameTemplate.cpp(21,11): error C3861: 'SceneInit': 식별자를 찾을 수 없습니다.
  (소스 파일 'System.cpp'을(를) 컴파일하는 중)
  
C:\Users\User\Desktop\김현영\김현영\ConsoleGameTemplate\ConsoleGameTemplate.cpp(30,4): error C2653: 'System': 클래스 또는 네임스페이스 이름이 아닙니다.
  (소스 파일 'System.cpp'을(를) 컴파일하는 중)
  
C:\Users\User\Desktop\김현영\김현영\ConsoleGameTemplate\ConsoleGameTemplate.cpp(30,12): error C3861: 'ProcessInput': 식별자를 찾을 수 없습니다.
  (소스 파일 'System.cpp'을(를) 컴파일하는 중)
  
C:\Users\User\Desktop\김현영\김현영\ConsoleGameTemplate\ConsoleGameTemplate.cpp(32,4): error C2653: 'System': 클래스 또는 네임스페이스 이름이 아닙니다.
  (소스 파일 'System.cpp'을(를) 컴파일하는 중)
  
C:\Users\User\Desktop\김현영\김현영\ConsoleGameTemplate\ConsoleGameTemplate.cpp(32,12): error C3861: 'SceneRender': 식별자를 찾을 수 없습니다.
  (소스 파일 'System.cpp'을(를) 컴파일하는 중)
  
  코드를 생성하고 있습니다...
